[    0.000000] Initializing cgroup subsys cpuset
[    0.000000] Initializing cgroup subsys cpu
[    0.000000] Initializing cgroup subsys cpuacct
[    0.000000] Linux version 4.4.0-210-generic (buildd@lgw01-amd64-009) (gcc version 5.4.0 20160609 (Ubuntu 5.4.0-6ubuntu1~16.04.12) ) #242-Ubuntu SMP Fri Apr 16 09:57:56 UTC 2021 (Ubuntu 4.4.0-210.242-generic 4.4.262)
[    0.000000] Command line: BOOT_IMAGE=/boot/vmlinuz-4.4.0-210-generic root=LABEL=cloudimg-rootfs ro console=tty1 console=ttyS0
[    0.000000] KERNEL supported cpus:
[    0.000000]   Intel GenuineIntel
[    0.000000]   AMD AuthenticAMD
[    0.000000]   Centaur CentaurHauls
[    0.000000] x86/fpu: xstate_offset[2]:  576, xstate_sizes[2]:  256
[    0.000000] x86/fpu: Supporting XSAVE feature 0x01: 'x87 floating point registers'
[    0.000000] x86/fpu: Supporting XSAVE feature 0x02: 'SSE registers'
[    0.000000] x86/fpu: Supporting XSAVE feature 0x04: 'AVX registers'
[    0.000000] x86/fpu: Enabled xstate features 0x7, context size is 832 bytes, using 'standard' format.
[    0.000000] e820: BIOS-provided physical RAM map:
[    0.000000] BIOS-e820: [mem 0x0000000000000000-0x000000000009fbff] usable
[    0.000000] BIOS-e820: [mem 0x000000000009fc00-0x000000000009ffff] reserved
[    0.000000] BIOS-e820: [mem 0x00000000000f0000-0x00000000000fffff] reserved
[    0.000000] BIOS-e820: [mem 0x0000000000100000-0x000000003ffeffff] usable
[    0.000000] BIOS-e820: [mem 0x000000003fff0000-0x000000003fffffff] ACPI data
[    0.000000] BIOS-e820: [mem 0x00000000fec00000-0x00000000fec00fff] reserved
[    0.000000] BIOS-e820: [mem 0x00000000fee00000-0x00000000fee00fff] reserved
[    0.000000] BIOS-e820: [mem 0x00000000fffc0000-0x00000000ffffffff] reserved
[    0.000000] NX (Execute Disable) protection: active
[    0.000000] SMBIOS 2.5 present.
[    0.000000] Hypervisor detected: KVM
[    0.000000] e820: last_pfn = 0x3fff0 max_arch_pfn = 0x400000000
[    0.000000] MTRR: Disabled
[    0.000000] x86/PAT: MTRRs disabled, skipping PAT initialization too.
[    0.000000] CPU MTRRs all blank - virtualized system.
[    0.000000] x86/PAT: Configuration [0-7]: WB  WT  UC- UC  WB  WT  UC- UC  
[    0.000000] found SMP MP-table at [mem 0x0009fff0-0x0009ffff] mapped at [ffff88000009fff0]
[    0.000000] Scanning 1 areas for low memory corruption
[    0.000000] RAMDISK: [mem 0x3613c000-0x37095fff]
[    0.000000] ACPI: Early table checksum verification disabled
[    0.000000] ACPI: RSDP 0x00000000000E0000 000024 (v02 VBOX  )
[    0.000000] ACPI: XSDT 0x000000003FFF0030 00003C (v01 VBOX   VBOXXSDT 00000001 ASL  00000061)
[    0.000000] ACPI: FACP 0x000000003FFF00F0 0000F4 (v04 VBOX   VBOXFACP 00000001 ASL  00000061)
[    0.000000] ACPI: DSDT 0x000000003FFF0470 002325 (v02 VBOX   VBOXBIOS 00000002 INTL 20200925)
[    0.000000] ACPI: FACS 0x000000003FFF0200 000040
[    0.000000] ACPI: FACS 0x000000003FFF0200 000040
[    0.000000] ACPI: APIC 0x000000003FFF0240 00005C (v02 VBOX   VBOXAPIC 00000001 ASL  00000061)
[    0.000000] ACPI: SSDT 0x000000003FFF02A0 0001CC (v01 VBOX   VBOXCPUT 00000002 INTL 20200925)
[    0.000000] No NUMA configuration found
[    0.000000] Faking a node at [mem 0x0000000000000000-0x000000003ffeffff]
[    0.000000] NODE_DATA(0) allocated [mem 0x3ffeb000-0x3ffeffff]
[    0.000000] kvm-clock: Using msrs 4b564d01 and 4b564d00
[    0.000000] kvm-clock: cpu 0, msr 0:3ffe3001, primary cpu clock
[    0.000000] kvm-clock: using sched offset of 4375955468 cycles
[    0.000000] clocksource: kvm-clock: mask: 0xffffffffffffffff max_cycles: 0x1cd42e4dffb, max_idle_ns: 881590591483 ns
[    0.000000] Zone ranges:
[    0.000000]   DMA      [mem 0x0000000000001000-0x0000000000ffffff]
[    0.000000]   DMA32    [mem 0x0000000001000000-0x000000003ffeffff]
[    0.000000]   Normal   empty
[    0.000000]   Device   empty
[    0.000000] Movable zone start for each node
[    0.000000] Early memory node ranges
[    0.000000]   node   0: [mem 0x0000000000001000-0x000000000009efff]
[    0.000000]   node   0: [mem 0x0000000000100000-0x000000003ffeffff]
[    0.000000] Initmem setup node 0 [mem 0x0000000000001000-0x000000003ffeffff]
[    0.000000] ACPI: PM-Timer IO Port: 0x4008
[    0.000000] IOAPIC[0]: apic_id 2, version 32, address 0xfec00000, GSI 0-23
[    0.000000] ACPI: INT_SRC_OVR (bus 0 bus_irq 0 global_irq 2 dfl dfl)
[    0.000000] ACPI: INT_SRC_OVR (bus 0 bus_irq 9 global_irq 9 low level)
[    0.000000] Using ACPI (MADT) for SMP configuration information
[    0.000000] smpboot: Allowing 2 CPUs, 0 hotplug CPUs
[    0.000000] PM: Registered nosave memory: [mem 0x00000000-0x00000fff]
[    0.000000] PM: Registered nosave memory: [mem 0x0009f000-0x0009ffff]
[    0.000000] PM: Registered nosave memory: [mem 0x000a0000-0x000effff]
[    0.000000] PM: Registered nosave memory: [mem 0x000f0000-0x000fffff]
[    0.000000] e820: [mem 0x40000000-0xfebfffff] available for PCI devices
[    0.000000] Booting paravirtualized kernel on KVM
[    0.000000] clocksource: refined-jiffies: mask: 0xffffffff max_cycles: 0xffffffff, max_idle_ns: 7645519600211568 ns
[    0.000000] setup_percpu: NR_CPUS:512 nr_cpumask_bits:512 nr_cpu_ids:2 nr_node_ids:1
[    0.000000] PERCPU: Embedded 33 pages/cpu @ffff88003fc00000 s95192 r8192 d31784 u1048576
[    0.000000] Built 1 zonelists in Node order, mobility grouping on.  Total pages: 257912
[    0.000000] Policy zone: DMA32
[    0.000000] Kernel command line: BOOT_IMAGE=/boot/vmlinuz-4.4.0-210-generic root=LABEL=cloudimg-rootfs ro console=tty1 console=ttyS0
[    0.000000] PID hash table entries: 4096 (order: 3, 32768 bytes)
[    0.000000] Memory: 996960K/1048120K available (8644K kernel code, 1332K rwdata, 4044K rodata, 1492K init, 1164K bss, 51160K reserved, 0K cma-reserved)
[    0.000000] SLUB: HWalign=64, Order=0-3, MinObjects=0, CPUs=2, Nodes=1
[    0.000000] Kernel/User page tables isolation: enabled
[    0.000000] Hierarchical RCU implementation.
[    0.000000] 	Build-time adjustment of leaf fanout to 64.
[    0.000000] 	RCU restricting CPUs from NR_CPUS=512 to nr_cpu_ids=2.
[    0.000000] RCU: Adjusting geometry for rcu_fanout_leaf=64, nr_cpu_ids=2
[    0.000000] NR_IRQS:33024 nr_irqs:440 16
[    0.000000] Console: colour VGA+ 80x25
[    0.000000] console [tty1] enabled
[    0.000000] console [ttyS0] enabled
[    0.000000] tsc: Detected 2394.456 MHz processor
[    0.581870] Calibrating delay loop (skipped) preset value.. 4788.91 BogoMIPS (lpj=9577824)
[    0.594615] pid_max: default: 32768 minimum: 301
[    0.600437] ACPI: Core revision 20150930
[    0.606706] ACPI: 2 ACPI AML tables successfully acquired and loaded
[    0.612460] Security Framework initialized
[    0.616715] Yama: becoming mindful.
[    0.623032] AppArmor: AppArmor initialized
[    0.627514] Dentry cache hash table entries: 131072 (order: 8, 1048576 bytes)
[    0.636175] Inode-cache hash table entries: 65536 (order: 7, 524288 bytes)
[    0.643602] Mount-cache hash table entries: 2048 (order: 2, 16384 bytes)
[    0.651916] Mountpoint-cache hash table entries: 2048 (order: 2, 16384 bytes)
[    0.660328] Initializing cgroup subsys io
[    0.665292] Initializing cgroup subsys memory
[    0.669863] Initializing cgroup subsys devices
[    0.673830] Initializing cgroup subsys freezer
[    0.678205] Initializing cgroup subsys net_cls
[    0.684853] Initializing cgroup subsys perf_event
[    0.691512] Initializing cgroup subsys net_prio
[    0.698714] Initializing cgroup subsys hugetlb
[    0.703377] Initializing cgroup subsys pids
[    0.718520] mce: CPU supports 0 MCE banks
[    0.724564] Last level iTLB entries: 4KB 64, 2MB 8, 4MB 8
[    0.734588] Last level dTLB entries: 4KB 64, 2MB 0, 4MB 0, 1GB 4
[    0.740598] Spectre V1 : Mitigation: usercopy/swapgs barriers and __user pointer sanitization
[    0.753786] Spectre V2 : Mitigation: Full generic retpoline
[    0.759953] Spectre V2 : Spectre v2 / SpectreRSB mitigation: Filling RSB on context switch
[    0.770950] Speculative Store Bypass: Vulnerable
[    0.775418] SRBDS: Unknown: Dependent on hypervisor status
[    0.785364] MDS: Mitigation: Clear CPU buffers
[    0.796292] Freeing SMP alternatives memory: 36K
[    0.811535] ftrace: allocating 32380 entries in 127 pages
[    0.936548] smpboot: APIC(0) Converting physical 0 to logical package 0
[    0.942557] smpboot: Max logical packages: 1
[    0.946771] x2apic enabled
[    0.954962] Switched APIC routing to physical x2apic.
[    0.963102] ..TIMER: vector=0x30 apic1=0 pin1=2 apic2=-1 pin2=-1
[    1.078014] smpboot: CPU0: Intel(R) Core(TM) i7-5500U CPU @ 2.40GHz (family: 0x6, model: 0x3d, stepping: 0x4)
[    1.092947] Performance Events: unsupported p6 CPU model 61 no PMU driver, software events only.
[    1.123936] KVM setup paravirtual spinlock
[    1.132020] x86: Booting SMP configuration:
[    1.136213] .... node  #0, CPUs:      #1
[    1.139895] kvm-clock: cpu 1, msr 0:3ffe3041, secondary cpu clock
[    1.160362] mce: CPU supports 0 MCE banks
[    1.167779] x86: Booted up 1 node, 2 CPUs
[    1.169940] smpboot: Total of 2 processors activated (9577.82 BogoMIPS)
[    1.173613] devtmpfs: initialized
[    1.178196] evm: security.selinux
[    1.179781] evm: security.SMACK64
[    1.185703] evm: security.SMACK64EXEC
[    1.189390] evm: security.SMACK64TRANSMUTE
[    1.191397] evm: security.SMACK64MMAP
[    1.193196] evm: security.ima
[    1.194623] evm: security.capability
[    1.199973] clocksource: jiffies: mask: 0xffffffff max_cycles: 0xffffffff, max_idle_ns: 7645041785100000 ns
[    1.204726] futex hash table entries: 512 (order: 3, 32768 bytes)
[    1.208450] pinctrl core: initialized pinctrl subsystem
[    1.210823] RTC time: 11:40:34, date: 08/28/22
[    1.213394] NET: Registered protocol family 16
[    1.229631] cpuidle: using governor ladder
[    1.245724] cpuidle: using governor menu
[    1.254819] PCCT header not found.
[    1.259493] ACPI: bus type PCI registered
[    1.266607] acpiphp: ACPI Hot Plug PCI Controller Driver version: 0.5
[    1.272616] PCI: Using configuration type 1 for base access
[    1.300995] ACPI: Added _OSI(Module Device)
[    1.302984] ACPI: Added _OSI(Processor Device)
[    1.305622] ACPI: Added _OSI(3.0 _SCP Extensions)
[    1.307601] ACPI: Added _OSI(Processor Aggregator Device)
[    1.310956] ACPI: Executed 1 blocks of module-level executable AML code
[    1.318671] ACPI: Interpreter enabled
[    1.321503] ACPI: (supports S0 S5)
[    1.325278] ACPI: Using IOAPIC for interrupt routing
[    1.334242] PCI: Using host bridge windows from ACPI; if necessary, use "pci=nocrs" and report a bug
[    1.353080] ACPI: PCI Root Bridge [PCI0] (domain 0000 [bus 00-ff])
[    1.359763] acpi PNP0A03:00: _OSC: OS supports [ASPM ClockPM Segments MSI]
[    1.371819] acpi PNP0A03:00: _OSC: not requesting OS control; OS requires [ExtendedConfig ASPM ClockPM MSI]
[    1.384976] acpi PNP0A03:00: fail to add MMCONFIG information, can't access extended PCI configuration space under this bridge.
[    1.400738] PCI host bridge to bus 0000:00
[    1.404791] pci_bus 0000:00: root bus resource [io  0x0000-0x0cf7 window]
[    1.410879] pci_bus 0000:00: root bus resource [io  0x0d00-0xffff window]
[    1.422848] pci_bus 0000:00: root bus resource [mem 0x000a0000-0x000bffff window]
[    1.433169] pci_bus 0000:00: root bus resource [mem 0x40000000-0xfdffffff window]
[    1.440103] pci_bus 0000:00: root bus resource [bus 00-ff]
[    1.451641] pci 0000:00:01.1: legacy IDE quirk: reg 0x10: [io  0x01f0-0x01f7]
[    1.461060] pci 0000:00:01.1: legacy IDE quirk: reg 0x14: [io  0x03f6]
[    1.470454] pci 0000:00:01.1: legacy IDE quirk: reg 0x18: [io  0x0170-0x0177]
[    1.494831] pci 0000:00:01.1: legacy IDE quirk: reg 0x1c: [io  0x0376]
[    1.537924] pci 0000:00:07.0: quirk: [io  0x4000-0x403f] claimed by PIIX4 ACPI
[    1.542097] pci 0000:00:07.0: quirk: [io  0x4100-0x410f] claimed by PIIX4 SMB
[    1.572125] ACPI: PCI Interrupt Link [LNKA] (IRQs 5 9 10 *11)
[    1.579471] ACPI: PCI Interrupt Link [LNKB] (IRQs 5 9 *10 11)
[    1.587005] ACPI: PCI Interrupt Link [LNKC] (IRQs 5 *9 10 11)
[    1.590235] ACPI: PCI Interrupt Link [LNKD] (IRQs 5 9 10 *11)
[    1.595714] ACPI: Enabled 2 GPEs in block 00 to 07
[    1.601258] vgaarb: setting as boot device: PCI:0000:00:02.0
[    1.606611] vgaarb: device added: PCI:0000:00:02.0,decodes=io+mem,owns=io+mem,locks=none
[    1.614088] vgaarb: loaded
[    1.619574] vgaarb: bridge control possible 0000:00:02.0
[    1.627327] SCSI subsystem initialized
[    1.632357] ACPI: bus type USB registered
[    1.636592] usbcore: registered new interface driver usbfs
[    1.641663] usbcore: registered new interface driver hub
[    1.649292] usbcore: registered new device driver usb
[    1.659823] PCI: Using ACPI for IRQ routing
[    1.664797] NetLabel: Initializing
[    1.668429] NetLabel:  domain hash size = 128
[    1.672570] NetLabel:  protocols = UNLABELED CIPSOv4
[    1.677096] NetLabel:  unlabeled traffic allowed by default
[    1.685561] amd_nb: Cannot enumerate AMD northbridges
[    1.691400] clocksource: Switched to clocksource kvm-clock
[    1.710101] AppArmor: AppArmor Filesystem Enabled
[    1.717447] pnp: PnP ACPI init
[    1.722813] pnp: PnP ACPI: found 3 devices
[    1.738717] clocksource: acpi_pm: mask: 0xffffff max_cycles: 0xffffff, max_idle_ns: 2085701024 ns
[    1.748820] NET: Registered protocol family 2
[    1.755647] TCP established hash table entries: 8192 (order: 4, 65536 bytes)
[    1.762677] TCP bind hash table entries: 8192 (order: 5, 131072 bytes)
[    1.768714] TCP: Hash tables configured (established 8192 bind 8192)
[    1.774198] UDP hash table entries: 512 (order: 2, 16384 bytes)
[    1.780634] UDP-Lite hash table entries: 512 (order: 2, 16384 bytes)
[    1.787994] NET: Registered protocol family 1
[    1.792181] pci 0000:00:00.0: Limiting direct PCI/PCI transfers
[    1.798095] pci 0000:00:01.0: Activating ISA DMA hang workarounds
[    1.803864] Unpacking initramfs...
[    2.270753] Freeing initrd memory: 15720K
[    2.275256] RAPL PMU detected, API unit is 2^-32 Joules, 4 fixed counters 10737418240 ms ovfl timer
[    2.286161] hw unit of domain pp0-core 2^-0 Joules
[    2.291783] hw unit of domain package 2^-0 Joules
[    2.297653] hw unit of domain dram 2^-0 Joules
[    2.302803] hw unit of domain pp1-gpu 2^-0 Joules
[    2.305252] clocksource: tsc: mask: 0xffffffffffffffff max_cycles: 0x2283c236f90, max_idle_ns: 440795217409 ns
[    2.309726] platform rtc_cmos: registered platform RTC device (no PNP device found)
[    2.313216] Scanning for low memory corruption every 60 seconds
[    2.318290] audit: initializing netlink subsys (disabled)
[    2.325664] audit: type=2000 audit(1661686841.185:1): initialized
[    2.333969] Initialise system trusted keyring
[    2.339935] HugeTLB registered 2 MB page size, pre-allocated 0 pages
[    2.347910] zbud: loaded
[    2.353851] VFS: Disk quotas dquot_6.6.0
[    2.358848] VFS: Dquot-cache hash table entries: 512 (order 0, 4096 bytes)
[    2.370619] squashfs: version 4.0 (2009/01/31) Phillip Lougher
[    2.398145] fuse init (API version 7.23)
[    2.403065] Key type big_key registered
[    2.407063] Allocating IMA MOK and blacklist keyrings.
[    2.425936] Key type asymmetric registered
[    2.430781] Asymmetric key parser 'x509' registered
[    2.436792] Block layer SCSI generic (bsg) driver version 0.4 loaded (major 249)
[    2.444178] io scheduler noop registered
[    2.448785] io scheduler deadline registered (default)
[    2.457762] io scheduler cfq registered
[    2.462129] pci_hotplug: PCI Hot Plug PCI Core version: 0.5
[    2.468491] pciehp: PCI Express Hot Plug Controller Driver version: 0.4
[    2.474146] ACPI: AC Adapter [AC] (on-line)
[    2.478150] input: Power Button as /devices/LNXSYSTM:00/LNXPWRBN:00/input/input0
[    2.488309] ACPI: Power Button [PWRF]
[    2.491992] input: Sleep Button as /devices/LNXSYSTM:00/LNXSLPBN:00/input/input1
[    2.499657] ACPI: Sleep Button [SLPF]
[    2.505753] ACPI: Battery Slot [BAT0] (battery present)
[    2.510693] GHES: HEST is not enabled!
[    2.514176] Serial: 8250/16550 driver, 32 ports, IRQ sharing enabled
[    2.544807] 00:02: ttyS0 at I/O 0x3f8 (irq = 4, base_baud = 115200) is a 16550A
[    2.555973] Linux agpgart interface v0.103
[    2.566646] loop: module loaded
[    2.570901] scsi host0: ata_piix
[    2.574665] scsi host1: ata_piix
[    2.577798] ata1: PATA max UDMA/33 cmd 0x1f0 ctl 0x3f6 bmdma 0xd000 irq 14
[    2.585918] ata2: PATA max UDMA/33 cmd 0x170 ctl 0x376 bmdma 0xd008 irq 15
[    2.594793] libphy: Fixed MDIO Bus: probed
[    2.599049] tun: Universal TUN/TAP device driver, 1.6
[    2.603852] tun: (C) 1999-2004 Max Krasnyansky <maxk@qualcomm.com>
[    2.609385] PPP generic driver version 2.4.2
[    2.613244] ehci_hcd: USB 2.0 'Enhanced' Host Controller (EHCI) Driver
[    2.620813] ehci-pci: EHCI PCI platform driver
[    2.625568] ehci-platform: EHCI generic platform driver
[    2.630468] ohci_hcd: USB 1.1 'Open' Host Controller (OHCI) Driver
[    2.636587] ohci-pci: OHCI PCI platform driver
[    2.640549] ohci-platform: OHCI generic platform driver
[    2.645193] uhci_hcd: USB Universal Host Controller Interface driver
[    2.652626] i8042: PNP: PS/2 Controller [PNP0303:PS2K,PNP0f03:PS2M] at 0x60,0x64 irq 1,12
[    2.662440] serio: i8042 KBD port at 0x60,0x64 irq 1
[    2.667617] serio: i8042 AUX port at 0x60,0x64 irq 12
[    2.672381] mousedev: PS/2 mouse device common for all mice
[    2.680787] rtc_cmos rtc_cmos: rtc core: registered rtc_cmos as rtc0
[    2.688758] rtc_cmos rtc_cmos: alarms up to one day, 114 bytes nvram
[    2.695576] input: AT Translated Set 2 keyboard as /devices/platform/i8042/serio0/input/input2
[    2.698275] i2c /dev entries driver
[    2.698370] device-mapper: uevent: version 1.0.3
[    2.706667] device-mapper: ioctl: 4.34.0-ioctl (2015-10-28) initialised: dm-devel@redhat.com
[    2.706695] ledtrig-cpu: registered to indicate activity on CPUs
[    2.707108] NET: Registered protocol family 10
[    2.707299] NET: Registered protocol family 17
[    2.707312] Key type dns_resolver registered
[    2.707763] registered taskstats version 1
[    2.707778] Loading compiled-in X.509 certificates
[    2.709180] Loaded X.509 cert 'Build time autogenerated kernel key: cf00e047681d67edb2720680708b7d9498083038'
[    2.709206] zswap: loaded using pool lzo/zbud
[    2.711310] Key type trusted registered
[    2.715150] Key type encrypted registered
[    2.715160] AppArmor: AppArmor sha1 policy hashing enabled
[    2.715163] ima: No TPM chip found, activating TPM-bypass!
[    2.715172] ima: Allocated hash algorithm: sha1
[    2.715187] evm: HMAC attrs: 0x1
[    2.716198]   Magic number: 2:416:682
[    2.741074] rtc_cmos rtc_cmos: setting system clock to 2022-08-28 11:40:36 UTC (1661686836)
[    2.741220] BIOS EDD facility v0.16 2004-Jun-25, 0 devices found
[    2.741221] EDD information not available.
[    2.842862] Freeing unused kernel memory: 1492K
[    2.855606] Write protecting the kernel read-only data: 14336k
[    2.862237] Freeing unused kernel memory: 1584K
[    2.867900] Freeing unused kernel memory: 52K
Loading, please wait...
starting version 229[    2.938587] random: udevadm: uninitialized urandom read (16 bytes read, 5 bits of entropy available)

[    2.939323] random: systemd-udevd: uninitialized urandom read (16 bytes read, 5 bits of entropy available)
[    2.939568] random: systemd-udevd: uninitialized urandom read (16 bytes read, 5 bits of entropy available)
[    2.939601] random: systemd-udevd: uninitialized urandom read (16 bytes read, 5 bits of entropy available)
[    2.939636] random: systemd-udevd: uninitialized urandom read (16 bytes read, 5 bits of entropy available)
[    2.993090] random: udevadm: uninitialized urandom read (16 bytes read, 5 bits of entropy available)
[    3.013843] random: systemd-udevd: uninitialized urandom read (16 bytes read, 5 bits of entropy available)
[    3.031206] random: udevadm: uninitialized urandom read (16 bytes read, 5 bits of entropy available)
[    3.031276] random: udevadm: uninitialized urandom read (16 bytes read, 5 bits of entropy available)
[    3.033500] random: udevadm: uninitialized urandom read (16 bytes read, 5 bits of entropy available)
[    3.383711] Fusion MPT base driver 3.04.20
[    3.388211] Copyright (c) 1999-2008 LSI Corporation
[    3.410037] Fusion MPT SPI Host driver 3.04.20
[    3.415240] mptbase: ioc0: Initiating bringup
[    3.424228] [drm] Initialized drm 1.1.0 20060810
[    3.432253] e1000: Intel(R) PRO/1000 Network Driver - version 7.3.21-k8-NAPI
[    3.435145] e1000: Copyright (c) 1999-2006 Intel Corporation.
[    3.460627] AVX2 version of gcm_enc/dec engaged.
[    3.466122] AES CTR mode by8 optimization enabled
[    3.511912] ioc0: LSI53C1030 A0: Capabilities={Initiator}
[    3.529530] vboxvideo: loading out-of-tree module taints kernel.
[    3.536505] vboxvideo: module verification failed: signature and/or required key missing - tainting kernel
[    3.545777] vboxvideo: loading version 6.1.34 r150636
[    3.686103] input: ImExPS/2 Generic Explorer Mouse as /devices/platform/i8042/serio1/input/input4
[    3.698704] scsi host2: ioc0: LSI53C1030 A0, FwRev=00000000h, Ports=1, MaxQ=256, IRQ=20
[    5.710158] scsi 2:0:0:0: Direct-Access     VBOX     HARDDISK         1.0  PQ: 0 ANSI: 5
[    5.732854] scsi target2:0:0: Beginning Domain Validation
[    5.816336] scsi target2:0:0: Domain Validation skipping write tests
[    5.821788] scsi target2:0:0: Ending Domain Validation
[    5.826970] scsi target2:0:0: asynchronous
[    5.835762] scsi 2:0:1:0: Direct-Access     VBOX     HARDDISK         1.0  PQ: 0 ANSI: 5
[    5.842979] scsi target2:0:1: Beginning Domain Validation
[    5.854185] scsi target2:0:1: Domain Validation skipping write tests
[    5.860596] scsi target2:0:1: Ending Domain Validation
[    5.865289] scsi target2:0:1: asynchronous
[    5.874202] sd 2:0:0:0: [sda] 83886080 512-byte logical blocks: (42.9 GB/40.0 GiB)
[    5.885982] sd 2:0:0:0: Attached scsi generic sg0 type 0
[    5.892302] sd 2:0:1:0: [sdb] 20480 512-byte logical blocks: (10.5 MB/10.0 MiB)
[    5.905862] sd 2:0:1:0: Attached scsi generic sg1 type 0
[    5.913380] sd 2:0:0:0: [sda] Write Protect is off
[    5.917958] sd 2:0:1:0: [sdb] Write Protect is off
[    5.923123] sd 2:0:0:0: [sda] Incomplete mode parameter data
[    5.933746] sd 2:0:0:0: [sda] Assuming drive cache: write through
[    5.947686] sd 2:0:1:0: [sdb] Incomplete mode parameter data
[    5.952843] sd 2:0:1:0: [sdb] Assuming drive cache: write through
[    5.977204]  sda: sda1
[    5.981723] sd 2:0:0:0: [sda] Attached SCSI disk
[    6.001517] sd 2:0:1:0: [sdb] Attached SCSI disk
[    6.296437] e1000 0000:00:03.0 eth0: (PCI:33MHz:32-bit) 02:be:82:6b:cc:1d
[    6.303668] e1000 0000:00:03.0 eth0: Intel(R) PRO/1000 Network Connection
[    6.314080] [drm] VRAM 01000000
[    6.329941] [TTM] Zone  kernel: Available graphics memory: 507922 kiB
[    6.337796] [TTM] Initializing pool allocator
[    6.343261] [TTM] Initializing DMA pool allocator
[    6.352508] fbcon: vboxdrmfb (fb0) is primary device
[    6.368600] Console: switching to colour frame buffer device 100x37
[    6.381599] vboxvideo 0000:00:02.0: fb0: vboxdrmfb frame buffer device
[    6.399531] [drm] Initialized vboxvideo 1.0.0 20130823 for 0000:00:02.0 on minor 0
[    7.185365] e1000 0000:00:08.0 eth1: (PCI:33MHz:32-bit) 08:00:27:41:ea:86
[    7.188232] e1000 0000:00:08.0 eth1: Intel(R) PRO/1000 Network Connection
[    7.194384] e1000 0000:00:08.0 enp0s8: renamed from eth1
[    7.216172] e1000 0000:00:03.0 enp0s3: renamed from eth0
Begin: Loading essential drivers ... [    7.461480] md: linear personality registered for level -1
[    7.478528] md: multipath personality registered for level -4
[    7.517511] md: raid0 personality registered for level 0
[    7.538178] md: raid1 personality registered for level 1
[    7.667541] raid6: sse2x1   gen()  3701 MB/s
[    7.735826] raid6: sse2x1   xor()  2703 MB/s
[    7.803694] raid6: sse2x2   gen()  4160 MB/s
[    7.871568] raid6: sse2x2   xor()  3194 MB/s
[    7.939510] raid6: sse2x4   gen()  5279 MB/s
[    8.011498] raid6: sse2x4   xor()  2692 MB/s
[    8.086315] raid6: avx2x1   gen()  4177 MB/s
[    8.167905] raid6: avx2x2   gen()  3561 MB/s
[    8.246957] raid6: avx2x4   gen()  3597 MB/s
[    8.255629] raid6: using algorithm sse2x4 gen() 5279 MB/s
[    8.260473] raid6: .... xor() 2692 MB/s, rmw enabled
[    8.265622] raid6: using avx2x2 recovery algorithm
[    8.320054] xor: automatically using best checksumming function:
[    8.371607]    avx       : 26751.000 MB/sec
[    8.397014] async_tx: api initialized (async)
[    8.452738] md: raid6 personality registered for level 6
[    8.457441] md: raid5 personality registered for level 5
[    8.461971] md: raid4 personality registered for level 4
[    8.504177] md: raid10 personality registered for level 10
done.
Begin: Running /scripts/init-premount ... done.
Begin: Mounting root file system ... Begin: Running /scripts/local-top ... done.
Begin: Running /scripts/local-premount ... [    8.669410] Btrfs loaded
Scanning for Btrfs filesystems
done.
Begin: Will now check root file system ... fsck from util-linux 2.27.1
[/sbin/fsck.ext4 (1) -- /dev/sda1] fsck.ext4 -a -C0 /dev/sda1 
cloudimg-rootfs: clean, 65600/5120000 files, 612174/10485499 blocks
done.
[    9.116989] EXT4-fs (sda1): mounted filesystem with ordered data mode. Opts: (null)
done.
Begin: Running /scripts/local-bottom ... done.
Begin: Running /scripts/init-bottom ... done.
[    9.631221] random: nonblocking pool is initialized
[   10.429121] systemd[1]: systemd 229 running in system mode. (+PAM +AUDIT +SELINUX +IMA +APPARMOR +SMACK +SYSVINIT +UTMP +LIBCRYPTSETUP +GCRYPT +GNUTLS +ACL +XZ -LZ4 +SECCOMP +BLKID +ELFUTILS +KMOD -IDN)
[   10.462644] systemd[1]: Detected virtualization oracle.
[   10.470191] systemd[1]: Detected architecture x86-64.

Welcome to [1mUbuntu 16.04.7 LTS[0m!

[   10.660372] systemd[1]: Set hostname to <web01>.
[   12.229914] systemd[1]: Started Forward Password Requests to Wall Directory Watch.
[[0;32m  OK  [0m] Started Forward Password Requests to Wall Directory Watch.
[   12.264034] systemd[1]: Listening on /dev/initctl Compatibility Named Pipe.
[[0;32m  OK  [0m] Listening on /dev/initctl Compatibility Named Pipe.
[   12.288578] systemd[1]: Reached target User and Group Name Lookups.
[[0;32m  OK  [0m] Reached target User and Group Name Lookups.
[   12.309827] systemd[1]: Listening on Journal Socket.
[[0;32m  OK  [0m] Listening on Journal Socket.
[   12.336126] systemd[1]: Started Trigger resolvconf update for networkd DNS.
[[0;32m  OK  [0m] Started Trigger resolvconf update for networkd DNS.
[   12.361592] systemd[1]: Listening on udev Control Socket.
[[0;32m  OK  [0m] Listening on udev Control Socket.
[   12.383946] systemd[1]: Listening on fsck to fsckd communication Socket.
[[0;32m  OK  [0m] Listening on fsck to fsckd communication Socket.
[   12.416570] systemd[1]: Created slice System Slice.
[[0;32m  OK  [0m] Created slice System Slice.
[   12.458885] systemd[1]: Starting Create list of required static device nodes for the current kernel...
         Starting Create list of required st... nodes for the current kernel...
[   12.501965] systemd[1]: Mounting Debug File System...
         Mounting Debug File System...
[   12.526498] systemd[1]: Starting Remount Root and Kernel File Systems...
         Starting Remount Root and Kernel File Systems...
[   12.559115] systemd[1]: Mounting POSIX Message Queue File System...
         Mounting POSIX Message Queue File System...
[   12.584122] systemd[1]: Listening on LVM2 metadata daemon socket.
[[0;32m  OK  [0m] Listening on LVM2 metadata daemon socket.
[   12.593161] systemd[1]: Set up automount Arbitrary Executable File Formats File System Automount Point.
[[0;32m  OK  [0m] Set up automount Arbitrary Executab...ats File System Automount Point.
[   12.648375] EXT4-fs (sda1): re-mounted. Opts: (null)
[   12.683785] systemd[1]: Starting Load Kernel Modules...
         Starting Load Kernel Modules...
[   12.715416] systemd[1]: Starting Nameserver information manager...
         Starting Nameserver information manager...
[   12.738791] systemd[1]: Reached target Swap.
[[0;32m  OK  [0m] Reached target Swap.
[   12.794787] Loading iSCSI transport class v2.0-870.
[   12.805326] systemd[1]: Starting Uncomplicated firewall...
         Starting Uncomplicated firewall...
[   12.823752] systemd[1]: Listening on Journal Socket (/dev/log).
[[0;32m  OK  [0m] Listening on Journal Socket (/dev/log).
[   12.831568] systemd[1]: Listening on LVM2 poll daemon socket.
[[0;32m  OK  [0m] Listening on LVM2 poll daemon socket.
[   12.844253] systemd[1]: Reached target System Time Synchronized.
[[0;32m  OK  [0m] Reached target System Time Synchronized.
[   12.868009] systemd[1]: Starting Set console keymap...
         Starting Set console keymap...
[   12.873958] iscsi: registered transport (tcp)
[   12.878704] systemd[1]: Reached target Encrypted Volumes.
[[0;32m  OK  [0m] Reached target Encrypted Volumes.
[   12.897842] systemd[1]: Listening on Syslog Socket.
[[0;32m  OK  [0m] Listening on Syslog Socket.
[   12.911675] systemd[1]: Created slice User and Session Slice.
[[0;32m  OK  [0m] Created slice User and Session Slice.
[   12.925574] systemd[1]: Reached target Slices.
[[0;32m  OK  [0m] Reached target Slices.
[   12.944034] systemd[1]: Created slice system-serial\x2dgetty.slice.
[[0;32m  OK  [0m] Created slice system-serial\x2dgetty.slice.
[   12.990469] systemd[1]: Listening on Device-mapper event daemon FIFOs.
[[0;32m  OK  [0m] Listening on Device-mapper event daemon FIFOs.
[   13.088709] systemd[1]: Starting Monitoring of LVM2 mirrors, snapshots etc. using dmeventd or progress polling...
         Starting Monitoring of LVM2 mirrors... dmeventd or progress polling...
[   13.122212] systemd[1]: Mounting Huge Pages File System...
         Mounting Huge Pages File System...
[   13.157626] systemd[1]: Listening on udev Kernel Socket.
[[0;32m  OK  [0m] Listening on udev Kernel Socket.
[   13.196759] systemd[1]: Listening on Journal Audit Socket.
[[0;32m  OK  [0m] Listening on Journal Audit Socket.
[   13.244124] systemd[1]: Starting Journal Service...
         Starting Journal Service...
[   13.257527] systemd[1]: Mounted Huge Pages File System.
[[0;32m  OK  [0m] Mounted Huge Pages File System.
[   13.292897] systemd[1]: Mounted POSIX Message Queue File System.
[[0;32m  OK  [0m] Mounted POSIX Message Queue File System.
[   13.330993] systemd[1]: Mounted Debug File System.
[[0;32m  OK  [0m] Mounted Debug File System.
[   13.381541] systemd[1]: Started Create list of required static device nodes for the current kernel.
[[0;32m  OK  [0m] Started Create list of required sta...ce nodes for the current kernel.
[   13.462270] systemd[1]: Started Remount Root and Kernel File Systems.
[[0;32m  OK  [0m] Started Remount Root and Kernel File Systems.
[   13.492697] iscsi: registered transport (iser)
[   13.540762] systemd[1]: Started Load Kernel Modules.
[[0;32m  OK  [0m] Started Load Kernel Modules.
[   13.555906] systemd[1]: Started Uncomplicated firewall.
[[0;32m  OK  [0m] Started Uncomplicated firewall.
[   13.576655] systemd[1]: Started Set console keymap.
[[0;32m  OK  [0m] Started Set console keymap.
[   13.589217] systemd[1]: Started Nameserver information manager.
[[0;32m  OK  [0m] Started Nameserver information manager.
[   13.609463] systemd[1]: Started Journal Service.
[[0;32m  OK  [0m] Started Journal Service.
[[0;32m  OK  [0m] Started LVM2 metadata daemon.
         Mounting FUSE Control File System...
         Starting Apply Kernel Variables...
         Starting Flush Journal to Persistent Storage...
         Starting Load/Save Random Seed...
         Starting udev Coldplug all Devices...
         Starting Create Static Device Nodes in /dev...
[[0;32m  OK  [0m] Mounted FUSE Control File System.
[[0;32m  OK  [0m] Started Load/Save Random Seed.
[   13.791134] systemd-journald[422]: Received request to flush runtime journal from PID 1
[[0;32m  OK  [0m] Started Apply Kernel Variables.
[[0;32m  OK  [0m] Started Flush Journal to Persistent Storage.
[[0;32m  OK  [0m] Started udev Coldplug all Devices.
[[0;32m  OK  [0m] Started Monitoring of LVM2 mirrors,...ng dmeventd or progress polling.
[[0;32m  OK  [0m] Started Create Static Device Nodes in /dev.
         Starting udev Kernel Device Manager...
[[0;32m  OK  [0m] Reached target Local File Systems (Pre).
[[0;32m  OK  [0m] Reached target Local File Systems.
         Starting Tell Plymouth To Write Out Runtime Data...
         Starting LSB: AppArmor initialization...
         Starting Initial cloud-init job (pre-networking)...
         Starting Set console font and keymap...
         Starting Create Volatile Files and Directories...
[[0;32m  OK  [0m] Started Tell Plymouth To Write Out Runtime Data.
[[0;32m  OK  [0m] Started Create Volatile Files and Directories.
         Starting Update UTMP about System Boot/Shutdown...
[[0;32m  OK  [0m] Started Update UTMP about System Boot/Shutdown.
[[0;32m  OK  [0m] Started Set console font and keymap.
[[0;32m  OK  [0m] Created slice system-getty.slice.
[[0;32m  OK  [0m] Started udev Kernel Device Manager.
[[0;32m  OK  [0m] Started Dispatch Password Requests to Console Directory Watch.
[[0;32m  OK  [0m] Found device /dev/ttyS0.
[[0;32m  OK  [0m] Listening on Load/Save RF Kill Switch Status /dev/rfkill Watch.
[[0;32m  OK  [0m] Started LSB: AppArmor initialization.
         Starting Load AppArmor profiles managed internally by snapd...
[[0;32m  OK  [0m] Found device 82540EM Gigabit Ethern...r (PRO/1000 MT Desktop Adapter).
[[0;32m  OK  [0m] Started Load AppArmor profiles managed internally by snapd.
[[0;32m  OK  [0m] Found device 82540EM Gigabit Ethern...r (PRO/1000 MT Desktop Adapter).
[   22.316085] cloud-init[487]: Cloud-init v. 21.1-19-gbad84ad4-0ubuntu1~16.04.2 running 'init-local' at Sun, 28 Aug 2022 11:40:55 +0000. Up 21.13 seconds.
[[0;32m  OK  [0m] Started Initial cloud-init job (pre-networking).
[[0;32m  OK  [0m] Reached target Network (Pre).
[[0;32m  OK  [0m] Started ifup for enp0s8.
[[0;32m  OK  [0m] Started ifup for enp0s3.
         Starting Raise network interfaces...
[[0;32m  OK  [0m] Started Raise network interfaces.
         Starting Initial cloud-init job (metadata service crawler)...
[[0;32m  OK  [0m] Reached target Network.
[   24.874236] cloud-init[1092]: Cloud-init v. 21.1-19-gbad84ad4-0ubuntu1~16.04.2 running 'init' at Sun, 28 Aug 2022 11:40:58 +0000. Up 23.72 seconds.
[   24.885300] cloud-init[1092]: ci-info: ++++++++++++++++++++++++++++++++++++++Net device info+++++++++++++++++++++++++++++++++++++++
[   24.893874] cloud-init[1092]: ci-info: +--------+------+-----------------------------+---------------+--------+-------------------+
[   24.908607] cloud-init[1092]: ci-info: | Device |  Up  |           Address           |      Mask     | Scope  |     Hw-Address    |
[   24.917522] cloud-init[1092]: ci-info: +--------+------+-----------------------------+---------------+--------+-------------------+
[   24.932678] cloud-init[1092]: ci-info: | enp0s3 | True |          10.0.2.15          | 255.255.255.0 | global | 02:be:82:6b:cc:1d |
[   24.939180] cloud-init[1092]: ci-info: | enp0s3 | True |  fe80::be:82ff:fe6b:cc1d/64 |       .       |  link  | 02:be:82:6b:cc:1d |
[   24.950190] cloud-init[1092]: ci-info: | enp0s8 | True |        192.168.56.11        | 255.255.255.0 | global | 08:00:27:41:ea:86 |
[   24.960840] cloud-init[1092]: ci-info: | enp0s8 | True | fe80::a00:27ff:fe41:ea86/64 |       .       |  link  | 08:00:27:41:ea:86 |
[   24.970387] cloud-init[1092]: ci-info: |   lo   | True |          127.0.0.1          |   255.0.0.0   |  host  |         .         |
[   24.981624] cloud-init[1092]: ci-info: |   lo   | True |           ::1/128           |       .       |  host  |         .         |
[   24.996822] cloud-init[1092]: ci-info: +--------+------+-----------------------------+---------------+--------+-------------------+
[   25.014807] cloud-init[1092]: ci-info: ++++++++++++++++++++++++++++Route IPv4 info++++++++++++++++++++++++++++
[   25.019497] cloud-init[1092]: ci-info: +-------+--------------+----------+---------------+-----------+-------+
[   25.026194] cloud-init[1092]: ci-info: | Route | Destination  | Gateway  |    Genmask    | Interface | Flags |
[   25.037944] cloud-init[1092]: ci-info: +-------+--------------+----------+---------------+-----------+-------+
[   25.052504] cloud-init[1092]: ci-info: |   0   |   0.0.0.0    | 10.0.2.2 |    0.0.0.0    |   enp0s3  |   UG  |
[   25.059204] cloud-init[1092]: ci-info: |   1   |   10.0.2.0   | 0.0.0.0  | 255.255.255.0 |   enp0s3  |   U   |
[   25.068484] cloud-init[1092]: ci-info: |   2   | 192.168.56.0 | 0.0.0.0  | 255.255.255.0 |   enp0s8  |   U   |[[0;32m  OK  [0m] Started Initial cloud-init job (metadata service crawler).

[   25.084470] cloud-init[1092]: ci-info: +-------+--------------+----------+---------------+-----------+-------+
[   25.085802] cloud-init[1092]: ci-info: +++++++++++++++++++Route IPv6 info+++++++++++++++++++
[   25.094883] cloud-init[1092]: ci-info: +-------+-------------+---------+-----------+-------+
[   25.106367] cloud-init[1092]: ci-info: | Route | Destination | Gateway | Interface | Flags |
[   25.114301] cloud-init[1092]: ci-info: +-------+-------------+---------+-----------+-------+
[   25.122282] cloud-init[1092]: ci-info: |   0   |  fe80::/64  |    ::   |   enp0s8  |   U   |
[   25.130360] cloud-init[1092]: ci-info: |   1   |  fe80::/64  |    ::   |   enp0s3  |   U   |
[   25.136141] cloud-init[1092]: ci-info: |   5   |   ff00::/8  |    ::   |   enp0s8  |   U   |
[   25.143711] cloud-init[1092]: ci-info: |   6   |   ff00::/8  |    ::   |   enp0s3  |   U   |
[   25.153574] cloud-init[1092]: ci-info: +-------+-------------+---------+-----------+-------+
[[0;32m  OK  [0m] Reached target System Initialization.
[[0;32m  OK  [0m] Started Message of the Day.
[[0;32m  OK  [0m] Listening on UUID daemon activation socket.
[[0;32m  OK  [0m] Listening on ACPID Listen Socket.
[[0;32m  OK  [0m] Started Daily apt download activities.
[[0;32m  OK  [0m] Started Daily apt upgrade and clean activities.
         Starting Socket activation for snappy daemon.
[[0;32m  OK  [0m] Started Daily Cleanup of Temporary Directories.
[[0;32m  OK  [0m] Listening on D-Bus System Message Bus Socket.
[[0;32m  OK  [0m] Started ACPI Events Check.
[[0;32m  OK  [0m] Reached target Paths.
         Starting LXD - unix socket.
[[0;32m  OK  [0m] Started Ubuntu Advantage update messaging.
[[0;32m  OK  [0m] Reached target Timers.
[[0;32m  OK  [0m] Reached target Cloud-config availability.
[[0;32m  OK  [0m] Reached target Network is Online.
         Starting iSCSI initiator daemon (iscsid)...
[[0;32m  OK  [0m] Listening on Socket activation for snappy daemon.
[[0;32m  OK  [0m] Listening on LXD - unix socket.
[[0;32m  OK  [0m] Reached target Sockets.
[[0;32m  OK  [0m] Reached target Basic System.
         Starting System Logging Service...
         Starting LXD - container startup/shutdown...
         Starting Login Service...
         Starting /etc/rc.local Compatibility...
         Starting Accounts Service...
[[0;32m  OK  [0m] Started Deferred execution scheduler.
[[0;32m  OK  [0m] Started D-Bus System Message Bus.
         Starting LSB: MD monitoring daemon...
         Starting OpenBSD Secure Shell server...
[[0;32m  OK  [0m] Started ACPI event daemon.
         Starting vboxadd.service...
[[0;32m  OK  [0m] Started FUSE filesystem for LXC.
[[0;32m  OK  [0m] Started Regular background program processing daemon.
         Starting LSB: Record successful boot for GRUB...
         Starting Snap Daemon...
[[0;32m  OK  [0m] Started System Logging Service.
[[0;32m  OK  [0m] Started /etc/rc.local Compatibility.
[[0;32m  OK  [0m] Started Login Service.
[[0;32m  OK  [0m] Started Unattended Upgrades Shutdown.
         Starting Authenticate and Authorize Users to Run Privileged Tasks...
[[0;32m  OK  [0m] Started iSCSI initiator daemon (iscsid).
         Starting Login to default iSCSI targets...
[[0;32m  OK  [0m] Started LSB: Record successful boot for GRUB.
[[0;32m  OK  [0m] Started LSB: MD monitoring daemon.
[[0;32m  OK  [0m] Started Authenticate and Authorize Users to Run Privileged Tasks.
[[0;32m  OK  [0m] Started Accounts Service.
[[0;32m  OK  [0m] Started Login to default iSCSI targets.
[[0;32m  OK  [0m] Reached target Remote File Systems (Pre).
[[0;32m  OK  [0m] Reached target Remote File Systems.
         Starting LSB: Set the CPU Frequency Scaling governor to "ondemand"...
         Starting Permit User Sessions...
         Starting LSB: automatic crash report generation...
         Starting LSB: daemon to balance interrupts for SMP systems...
[[0;32m  OK  [0m] Started OpenBSD Secure Shell server.
[[0;32m  OK  [0m] Started Permit User Sessions.
         Starting Terminate Plymouth Boot Screen...
         Starting Hold until boot process finishes up...
[[0;32m  OK  [0m] Started LSB: Set the CPU Frequency Scaling governor to "ondemand".
[[0;32m  OK  [0m] Started Terminate Plymouth Boot Screen.
[[0;32m  OK  [0m] Started Hold until boot process finishes up.
         Starting Set console scheme...
[[0;32m  OK  [0m] Started Serial Getty on ttyS0.
[[0;32m  OK  [0m] Started Getty on tty1.
[[0;32m  OK  [0m] Reached target Login Prompts.
[[0;32m  OK  [0m] Started Set console scheme.
[[0;32m  OK  [0m] Started LSB: daemon to balance interrupts for SMP systems.
[[0;32m  OK  [0m] Started LSB: automatic crash report generation.
[[0;32m  OK  [0m] Created slice User Slice of vagrant.
         Starting User Manager for UID 1000...
[[0;32m  OK  [0m] Started Session 1 of user vagrant.
[[0;32m  OK  [0m] Started LXD - container startup/shutdown.
[[0;32m  OK  [0m] Started User Manager for UID 1000.
[[0;32m  OK  [0m] Started Snap Daemon.
         Starting Wait until snapd is fully seeded...
[[0;32m  OK  [0m] Started Wait until snapd is fully seeded.
         Starting Apply the settings specified in cloud-config...
[   33.979799] cloud-init[1408]: Cloud-init v. 21.1-19-gbad84ad4-0ubuntu1~16.04.2 running 'modules:config' at Sun, 28 Aug 2022 11:41:07 +0000. Up 33.11 seconds.

Ubuntu 16.04.7 LTS web01 ttyS0

web01 login: [   39.496288] cloud-init[1751]: Cloud-init v. 21.1-19-gbad84ad4-0ubuntu1~16.04.2 running 'modules:final' at Sun, 28 Aug 2022 11:41:13 +0000. Up 39.05 seconds.
[   39.496617] cloud-init[1751]: Cloud-init v. 21.1-19-gbad84ad4-0ubuntu1~16.04.2 finished at Sun, 28 Aug 2022 11:41:14 +0000. Datasource DataSourceNoCloud [seed=/dev/sdb][dsmode=net].  Up 39.43 seconds
[
         Stopping LSB: Record successful boot for GRUB...
         Stopping LXD - container startup/shutdown...
         Stopping Regular background program processing daemon...
[[0;32m  OK  [0m] Stopped Wait until snapd is fully seeded.
         Stopping vboxadd-service.service...
         Stopping LSB: Set the CPU Frequency Scaling governor to "ondemand"...
         Stopping Deferred execution scheduler...
         Stopping FUSE filesystem for LXC...
         Stopping OpenBSD Secure Shell server...
         Stopping LSB: MD monitoring daemon...
         Stopping Authenticate and Authorize Users to Run Privileged Tasks...
         Stopping ACPI event daemon...
         Stopping Accounts Service...
         Stopping User Manager for UID 1000...
[[0;32m  OK  [0m] Stopped target Timers.
[[0;32m  OK  [0m] Stopped Ubuntu Advantage update messaging.
[[0;32m  OK  [0m] Stopped Daily Cleanup of Temporary Directories.
[[0;32m  OK  [0m] Stopped Daily apt upgrade and clean activities.
[[0;32m  OK  [0m] Stopped Daily apt download activities.
[[0;32m  OK  [0m] Stopped Message of the Day.
[[0;32m  OK  [0m] Stopped target System Time Synchronized.
         Stopping D-Bus System Message Bus...
[[0;32m  OK  [0m] Unmounted /var/lib/lxcfs.
[[0;32m  OK  [0m] Stopped System Logging Service.
[[0;32m  OK  [0m] Stopped Accounts Service.
[[0;32m  OK  [0m] Stopped Deferred execution scheduler.
[[0;32m  OK  [0m] Stopped Regular background program processing daemon.
[[0;32m  OK  [0m] Stopped Authenticate and Authorize Users to Run Privileged Tasks.
[[0;32m  OK  [0m] Stopped OpenBSD Secure Shell server.
[[0;32m  OK  [0m] Stopped Serial Getty on ttyS0.
[[0;32m  OK  [0m] Stopped Getty on tty1.
[[0;32m  OK  [0m] Stopped User Manager for UID 1000.
[[0;32m  OK  [0m] Stopped Session 4 of user vagrant.
[[0;32m  OK  [0m] Stopped D-Bus System Message Bus.
[[0;32m  OK  [0m] Stopped ACPI event daemon.
[[0;32m  OK  [0m] Stopped LSB: daemon to balance interrupts for SMP systems.
[[0;32m  OK  [0m] Stopped LSB: Record successful boot for GRUB.
[[0;32m  OK  [0m] Stopped FUSE filesystem for LXC.
[[0;32m  OK  [0m] Stopped vboxadd-service.service.
[[0;32m  OK  [0m] Stopped LXD - container startup/shutdown.
[[0;32m  OK  [0m] Stopped LSB: automatic crash report generation.
[[0;32m  OK  [0m] Stopped LSB: Set the CPU Frequency Scaling governor to "ondemand".
[[0;32m  OK  [0m] Stopped LSB: MD monitoring daemon.
         Stopping vboxadd.service...
[[0;32m  OK  [0m] Removed slice User Slice of vagrant.
         Stopping Login Service...
[[0;32m  OK  [0m] Removed slice system-getty.slice.
[[0;32m  OK  [0m] Stopped /etc/rc.local Compatibility.
[[0;32m  OK  [0m] Removed slice system-serial\x2dgetty.slice.
         Stopping Permit User Sessions...
[[0;32m  OK  [0m] Stopped Permit User Sessions.
[[0;32m  OK  [0m] Stopped target Remote File Systems.
[[0;32m  OK  [0m] Stopped target Remote File Systems (Pre).
         Stopping Login to default iSCSI targets...
[[0;32m  OK  [0m] Unmounted /vagrant.
[[0;32m  OK  [0m] Stopped vboxadd.service.
[[0;32m  OK  [0m] Stopped Login Service.
[[0;32m  OK  [0m] Stopped target User and Group Name Lookups.
[[0;32m  OK  [0m] Stopped target Basic System.
[[0;32m  OK  [0m] Stopped target Slices.
[[0;32m  OK  [0m] Removed slice User and Session Slice.
[[0;32m  OK  [0m] Stopped target Paths.
[[0;32m  OK  [0m] Stopped ACPI Events Check.
[[0;32m  OK  [0m] Stopped Dispatch Password Requests to Console Directory Watch.
[[0;32m  OK  [0m] Stopped Forward Password Requests to Wall Directory Watch.
[[0;32m  OK  [0m] Stopped target Sockets.
[[0;32m  OK  [0m] Closed LXD - unix socket.
[[0;32m  OK  [0m] Closed D-Bus System Message Bus Socket.
[[0;32m  OK  [0m] Closed UUID daemon activation socket.
[[0;32m  OK  [0m] Closed Socket activation for snappy daemon.
[[0;32m  OK  [0m] Closed ACPID Listen Socket.
[[0;32m  OK  [0m] Closed Syslog Socket.
[[0;32m  OK  [0m] Stopped target System Initialization.
         Stopping Load/Save Random Seed...
[[0;32m  OK  [0m] Stopped target Swap.
         Stopping Update UTMP about System Boot/Shutdown...
[[0;32m  OK  [0m] Stopped target Encrypted Volumes.
[[0;32m  OK  [0m] Stopped Login to default iSCSI targets.
[[0;32m  OK  [0m] Stopped Load/Save Random Seed.
         Stopping iSCSI initiator daemon (iscsid)...
[[0;32m  OK  [0m] Stopped Update UTMP about System Boot/Shutdown.
[[0;32m  OK  [0m] Stopped iSCSI initiator daemon (iscsid).
[[0;32m  OK  [0m] Stopped target Network is Online.
[[0;32m  OK  [0m] Stopped Initial cloud-init job (metadata service crawler).
[[0;32m  OK  [0m] Stopped target Network.
         Stopping Raise network interfaces...
[[0;32m  OK  [0m] Stopped Create Volatile Files and Directories.
[[0;32m  OK  [0m] Stopped Raise network interfaces.
[[0;32m  OK  [0m] Stopped Apply Kernel Variables.
[[0;32m  OK  [0m] Stopped target Network (Pre).
[[0;32m  OK  [0m] Stopped Initial cloud-init job (pre-networking).
[[0;32m  OK  [0m] Stopped Load Kernel Modules.
[[0;32m  OK  [0m] Stopped target Local File Systems.
         Unmounting /run/user/1000...
[[0;32m  OK  [0m] Unmounted /run/user/1000.
[[0;32m  OK  [0m] Reached target Unmount All Filesystems.
[[0;32m  OK  [0m] Stopped target Local File Systems (Pre).
[[0;32m  OK  [0m] Stopped Remount Root and Kernel File Systems.
[[0;32m  OK  [0m] Stopped Create Static Device Nodes in /dev.
[[0;32m  OK  [0m] Reached target Shutdown.
[ 2380.564007] reboot: Power down
